[2023-03-09 19:15:57,202] root - INFO - >>>>>>>>>>>>>>>>>>>>>>>>>>>>>>>>>>>>>>>> Data Ingestion <<<<<<<<<<<<<<<<<<<<<<<<<<<<<<<<<<<<<<<<
[2023-03-09 19:15:57,203] root - INFO - Exporting collection data as pandas dataframe
[2023-03-09 19:15:57,203] root - INFO - Reading data from database: INSURANCE and collection: INSURANCE_PROJECT
[2023-03-09 19:15:57,221] root - INFO - Found columns: Index(['_id', 'age', 'sex', 'bmi', 'children', 'smoker', 'region', 'expenses'], dtype='object')
[2023-03-09 19:15:57,222] root - INFO - Dropping column: _id 
[2023-03-09 19:15:57,224] root - INFO - Row and columns in df: (1338, 7)
[2023-03-09 19:15:57,224] root - INFO - Save data in feature store
[2023-03-09 19:15:57,226] root - INFO - Create feature store folder if not available
[2023-03-09 19:15:57,226] root - INFO - Save df to feature store folder
[2023-03-09 19:15:57,241] root - INFO - split dataset into train and test set
[2023-03-09 19:15:57,244] root - INFO - create dataset directory folder if not available
[2023-03-09 19:15:57,245] root - INFO - Save df to feature store folder
[2023-03-09 19:15:57,259] root - INFO - Data ingestion artifact: DataIngestionArtifact(feature_store_file_path='/config/workspace/artifact/03092023__191557/data_ingestion/feature_store/insurance.csv', train_file_path='/config/workspace/artifact/03092023__191557/data_ingestion/dataset/train.csv', test_file_path='/config/workspace/artifact/03092023__191557/data_ingestion/dataset/test.csv')
[2023-03-09 19:15:57,259] root - INFO - >>>>>>>>>>>>>>>>>>>>>>>>>>>>>>>>>>>>>>>> Data Ingestion Artifact Exported <<<<<<<<<<<<<<<<<<<<<<<<<<<<<<<<<<<<<<<<
[2023-03-09 19:15:57,259] root - INFO -                                                                                                                   
[2023-03-09 19:15:57,260] root - INFO - >>>>>>>>>>>>>>>>>>>>>>>>>>>>>>>>>>>>>>>> Data Validation <<<<<<<<<<<<<<<<<<<<<<<<<<<<<<<<<<<<<<<<
[2023-03-09 19:15:57,260] root - INFO - Reading base dataframe
[2023-03-09 19:15:57,270] root - INFO - Replace na value in base df
[2023-03-09 19:15:57,270] root - INFO - Drop null values colums from base df
[2023-03-09 19:15:57,274] root - INFO - selecting column name which contains null above to 0.2
[2023-03-09 19:15:57,274] root - INFO - Columns to drop: []
[2023-03-09 19:15:57,276] root - INFO - Reading train dataframe
[2023-03-09 19:15:57,282] root - INFO - Reading test dataframe
[2023-03-09 19:15:57,289] root - INFO - selecting column name which contains null above to 0.2
[2023-03-09 19:15:57,290] root - INFO - Columns to drop: []
[2023-03-09 19:15:57,294] root - INFO - selecting column name which contains null above to 0.2
[2023-03-09 19:15:57,295] root - INFO - Columns to drop: []
[2023-03-09 19:15:57,304] root - INFO - Is all required columns present in train df
[2023-03-09 19:15:57,304] root - INFO - Is all required columns present in test df
[2023-03-09 19:15:57,304] root - INFO - As all column are available in train df hence detecting data drift
[2023-03-09 19:15:57,329] root - INFO - As all column are available in test df hence detecting data drift
[2023-03-09 19:15:57,344] root - INFO - Write reprt in yaml file
[2023-03-09 19:15:57,352] root - INFO - Data validation artifact: DataValidationArtifact(report_file_path='/config/workspace/artifact/03092023__191557/data_validation/report.yaml')
[2023-03-09 19:15:57,352] root - INFO - >>>>>>>>>>>>>>>>>>>>>>>>>>>>>>>>>>>>>>>> Data Validation Artifact Exported <<<<<<<<<<<<<<<<<<<<<<<<<<<<<<<<<<<<<<<<
[2023-03-09 19:15:57,352] root - INFO -                                                                                                                    
[2023-03-09 19:15:57,353] root - INFO - >>>>>>>>>>>>>>>>>>>>>>>>>>>>>>>>>>>>>>>> Data Transformation <<<<<<<<<<<<<<<<<<<<<<<<<<<<<<<<<<<<<<<<
[2023-03-09 19:15:57,399] root - INFO - Entered the save_object method of utils
[2023-03-09 19:15:57,403] root - INFO - Exited the save_object method of utils
[2023-03-09 19:15:57,403] root - INFO - Entered the save_object method of utils
[2023-03-09 19:15:57,404] root - INFO - Exited the save_object method of utils
[2023-03-09 19:15:57,405] root - INFO - Data transformation object DataTransformationArtifact(transform_object_path='/config/workspace/artifact/03092023__191557/data_transformation/transformer/transformer.pkl', transformed_train_path='/config/workspace/artifact/03092023__191557/data_transformation/transformed/train.npz', transformed_test_path='/config/workspace/artifact/03092023__191557/data_transformation/transformed/test.npz', target_encoder_path='/config/workspace/artifact/03092023__191557/data_transformation/target_encoder/target_encoder.pkl')
[2023-03-09 19:15:57,405] root - INFO - >>>>>>>>>>>>>>>>>>>>>>>>>>>>>>>>>>>>>>>> Model Trainer <<<<<<<<<<<<<<<<<<<<<<<<<<<<<<<<<<<<<<<<
[2023-03-09 19:15:57,405] root - INFO - Loading train and test array.
[2023-03-09 19:15:57,418] root - INFO - Splitting input and target feature from both train and test arr.
[2023-03-09 19:15:57,418] root - INFO - Train the model
[2023-03-09 19:15:57,422] root - INFO - Calculating f1 train score
[2023-03-09 19:15:57,424] root - INFO - Calculating f1 test score
[2023-03-09 19:15:57,425] root - INFO - train score:0.7475774924460041 and tests score 0.762331239232596
[2023-03-09 19:15:57,425] root - INFO - Checking if our model is underfitting or not
[2023-03-09 19:15:57,425] root - INFO - Checking if our model is overfiiting or not
[2023-03-09 19:15:57,425] root - INFO - Saving mode object
[2023-03-09 19:15:57,425] root - INFO - Entered the save_object method of utils
[2023-03-09 19:15:57,427] root - INFO - Exited the save_object method of utils
[2023-03-09 19:15:57,428] root - INFO - Prepare the artifact
[2023-03-09 19:15:57,428] root - INFO - Model trainer artifact: ModelTrainerArtifact(model_path='/config/workspace/artifact/03092023__191557/model_trainer/model/model.pkl', r2_train_score=0.7475774924460041, r2_test_score=0.762331239232596)
