[2023-03-09 20:07:54,259] root - INFO - >>>>>>>>>>>>>>>>>>>>>>>>>>>>>>>>>>>>>>>> Data Ingestion <<<<<<<<<<<<<<<<<<<<<<<<<<<<<<<<<<<<<<<<
[2023-03-09 20:07:54,259] root - INFO - Exporting collection data as pandas dataframe
[2023-03-09 20:07:54,259] root - INFO - Reading data from database: INSURANCE and collection: INSURANCE_PROJECT
[2023-03-09 20:07:54,284] root - INFO - Found columns: Index(['_id', 'age', 'sex', 'bmi', 'children', 'smoker', 'region', 'expenses'], dtype='object')
[2023-03-09 20:07:54,285] root - INFO - Dropping column: _id 
[2023-03-09 20:07:54,287] root - INFO - Row and columns in df: (1338, 7)
[2023-03-09 20:07:54,288] root - INFO - Save data in feature store
[2023-03-09 20:07:54,289] root - INFO - Create feature store folder if not available
[2023-03-09 20:07:54,290] root - INFO - Save df to feature store folder
[2023-03-09 20:07:54,306] root - INFO - split dataset into train and test set
[2023-03-09 20:07:54,309] root - INFO - create dataset directory folder if not available
[2023-03-09 20:07:54,310] root - INFO - Save df to feature store folder
[2023-03-09 20:07:54,325] root - INFO - Data ingestion artifact: DataIngestionArtifact(feature_store_file_path='/config/workspace/artifact/03092023__200754/data_ingestion/feature_store/insurance.csv', train_file_path='/config/workspace/artifact/03092023__200754/data_ingestion/dataset/train.csv', test_file_path='/config/workspace/artifact/03092023__200754/data_ingestion/dataset/test.csv')
[2023-03-09 20:07:54,325] root - INFO - >>>>>>>>>>>>>>>>>>>>>>>>>>>>>>>>>>>>>>>> Data Ingestion Artifact Exported <<<<<<<<<<<<<<<<<<<<<<<<<<<<<<<<<<<<<<<<
[2023-03-09 20:07:54,325] root - INFO -                                                                                                                   
[2023-03-09 20:07:54,326] root - INFO - >>>>>>>>>>>>>>>>>>>>>>>>>>>>>>>>>>>>>>>> Data Validation <<<<<<<<<<<<<<<<<<<<<<<<<<<<<<<<<<<<<<<<
[2023-03-09 20:07:54,326] root - INFO - Reading base dataframe
[2023-03-09 20:07:54,336] root - INFO - Replace na value in base df
[2023-03-09 20:07:54,336] root - INFO - Drop null values colums from base df
[2023-03-09 20:07:54,340] root - INFO - selecting column name which contains null above to 0.2
[2023-03-09 20:07:54,341] root - INFO - Columns to drop: []
[2023-03-09 20:07:54,343] root - INFO - Reading train dataframe
[2023-03-09 20:07:54,349] root - INFO - Reading test dataframe
[2023-03-09 20:07:54,358] root - INFO - selecting column name which contains null above to 0.2
[2023-03-09 20:07:54,359] root - INFO - Columns to drop: []
[2023-03-09 20:07:54,363] root - INFO - selecting column name which contains null above to 0.2
[2023-03-09 20:07:54,364] root - INFO - Columns to drop: []
[2023-03-09 20:07:54,372] root - INFO - Is all required columns present in train df
[2023-03-09 20:07:54,377] root - INFO - Is all required columns present in test df
[2023-03-09 20:07:54,378] root - INFO - As all column are available in train df hence detecting data drift
[2023-03-09 20:07:54,400] root - INFO - As all column are available in test df hence detecting data drift
[2023-03-09 20:07:54,415] root - INFO - Write reprt in yaml file
[2023-03-09 20:07:54,431] root - INFO - Data validation artifact: DataValidationArtifact(report_file_path='/config/workspace/artifact/03092023__200754/data_validation/report.yaml')
[2023-03-09 20:07:54,431] root - INFO - >>>>>>>>>>>>>>>>>>>>>>>>>>>>>>>>>>>>>>>> Data Validation Artifact Exported <<<<<<<<<<<<<<<<<<<<<<<<<<<<<<<<<<<<<<<<
[2023-03-09 20:07:54,432] root - INFO -                                                                                                                    
[2023-03-09 20:07:54,432] root - INFO - >>>>>>>>>>>>>>>>>>>>>>>>>>>>>>>>>>>>>>>> Data Transformation <<<<<<<<<<<<<<<<<<<<<<<<<<<<<<<<<<<<<<<<
[2023-03-09 20:07:54,479] root - INFO - Entered the save_object method of utils
[2023-03-09 20:07:54,482] root - INFO - Exited the save_object method of utils
[2023-03-09 20:07:54,483] root - INFO - Entered the save_object method of utils
[2023-03-09 20:07:54,484] root - INFO - Exited the save_object method of utils
[2023-03-09 20:07:54,484] root - INFO - Data transformation object DataTransformationArtifact(transform_object_path='/config/workspace/artifact/03092023__200754/data_transformation/transformer/transformer.pkl', transformed_train_path='/config/workspace/artifact/03092023__200754/data_transformation/transformed/train.npz', transformed_test_path='/config/workspace/artifact/03092023__200754/data_transformation/transformed/test.npz', target_encoder_path='/config/workspace/artifact/03092023__200754/data_transformation/target_encoder/target_encoder.pkl')
[2023-03-09 20:07:54,485] root - INFO - >>>>>>>>>>>>>>>>>>>>>>>>>>>>>>>>>>>>>>>> Model Trainer <<<<<<<<<<<<<<<<<<<<<<<<<<<<<<<<<<<<<<<<
[2023-03-09 20:07:54,485] root - INFO - Loading train and test array.
[2023-03-09 20:07:54,494] root - INFO - Splitting input and target feature from both train and test arr.
[2023-03-09 20:07:54,494] root - INFO - Train the model
[2023-03-09 20:07:54,499] root - INFO - Calculating f1 train score
[2023-03-09 20:07:54,500] root - INFO - Calculating f1 test score
[2023-03-09 20:07:54,502] root - INFO - train score:0.7475774924460041 and tests score 0.762331239232596
[2023-03-09 20:07:54,502] root - INFO - Checking if our model is underfitting or not
[2023-03-09 20:07:54,502] root - INFO - Checking if our model is overfiiting or not
[2023-03-09 20:07:54,502] root - INFO - Saving mode object
[2023-03-09 20:07:54,502] root - INFO - Entered the save_object method of utils
[2023-03-09 20:07:54,504] root - INFO - Exited the save_object method of utils
[2023-03-09 20:07:54,504] root - INFO - Prepare the artifact
[2023-03-09 20:07:54,505] root - INFO - Model trainer artifact: ModelTrainerArtifact(model_path='/config/workspace/artifact/03092023__200754/model_trainer/model/model.pkl', r2_train_score=0.7475774924460041, r2_test_score=0.762331239232596)
[2023-03-09 20:07:54,505] root - INFO - >>>>>>>>>>>>>>>>>>>>>>>>>>>>>>>>>>>>>>>>  Model Evaluation <<<<<<<<<<<<<<<<<<<<<<<<<<<<<<<<<<<<<<<<
[2023-03-09 20:07:54,505] root - INFO - if saved model folder has model the we will compare which model is best trained or the model from saved model folder
[2023-03-09 20:07:54,505] root - INFO - Model evaluation artifact: ModelEvaluationArtifact(is_model_accepted=True, improved_accuracy=None)
[2023-03-09 20:07:54,505] root - INFO - >>>>>>>>>>>>>>>>>>>>>>>>>>>>>>>>>>>>>>>> Data Transformation <<<<<<<<<<<<<<<<<<<<<<<<<<<<<<<<<<<<<<<<
[2023-03-09 20:07:54,506] root - INFO - Loading transformer model and target encoder
[2023-03-09 20:07:54,506] root - INFO - Saving model into model pusher directory
[2023-03-09 20:07:54,506] root - INFO - Entered the save_object method of utils
[2023-03-09 20:07:54,509] root - INFO - Exited the save_object method of utils
[2023-03-09 20:07:54,510] root - INFO - Entered the save_object method of utils
[2023-03-09 20:07:54,511] root - INFO - Exited the save_object method of utils
[2023-03-09 20:07:54,512] root - INFO - Entered the save_object method of utils
[2023-03-09 20:07:54,513] root - INFO - Exited the save_object method of utils
[2023-03-09 20:07:54,513] root - INFO - Saving model in saved model dir
[2023-03-09 20:07:54,513] root - INFO - Entered the save_object method of utils
[2023-03-09 20:07:54,516] root - INFO - Exited the save_object method of utils
[2023-03-09 20:07:54,516] root - INFO - Entered the save_object method of utils
[2023-03-09 20:07:54,518] root - INFO - Exited the save_object method of utils
[2023-03-09 20:07:54,519] root - INFO - Entered the save_object method of utils
[2023-03-09 20:07:54,520] root - INFO - Exited the save_object method of utils
[2023-03-09 20:07:54,520] root - INFO - Model pusher artifact: ModelPusherArtifact(pusher_model_dir='/config/workspace/artifact/03092023__200754/model_pusher/saved_models', saved_model_dir='saved_models')
