[2023-02-17 17:57:02,065] root - INFO - >>>>>>>>>>>>>>>>>>>>>>>>>>>>>>>>>>>>>>>> Data Ingestion <<<<<<<<<<<<<<<<<<<<<<<<<<<<<<<<<<<<<<<<
[2023-02-17 17:57:02,065] root - INFO - Exporting collection data as pandas dataframe
[2023-02-17 17:57:02,066] root - INFO - Reading data from database: INSURANCE and collection: INSURANCE_PROJECT
[2023-02-17 17:57:02,080] root - INFO - Found columns: Index(['_id', 'age', 'sex', 'bmi', 'children', 'smoker', 'region', 'expenses'], dtype='object')
[2023-02-17 17:57:02,080] root - INFO - Dropping column: _id 
[2023-02-17 17:57:02,082] root - INFO - Row and columns in df: (1338, 7)
[2023-02-17 17:57:02,082] root - INFO - Save data in feature store
[2023-02-17 17:57:02,083] root - INFO - Create feature store folder if not available
[2023-02-17 17:57:02,083] root - INFO - Save df to feature store folder
[2023-02-17 17:57:02,091] root - INFO - split dataset into train and test set
[2023-02-17 17:57:02,093] root - INFO - create dataset directory folder if not available
[2023-02-17 17:57:02,093] root - INFO - Save df to feature store folder
[2023-02-17 17:57:02,101] root - INFO - Data ingestion artifact: DataIngestionArtifact(feature_store_file_path='/config/workspace/artifact/02172023__175702/data_ingestion/feature_store/insurance.csv', train_file_path='/config/workspace/artifact/02172023__175702/data_ingestion/dataset/train.csv', test_file_path='/config/workspace/artifact/02172023__175702/data_ingestion/dataset/test.csv')
[2023-02-17 17:57:02,101] root - INFO - >>>>>>>>>>>>>>>>>>>>>>>>>>>>>>>>>>>>>>>> Data Ingestion Artifact Exported <<<<<<<<<<<<<<<<<<<<<<<<<<<<<<<<<<<<<<<<
[2023-02-17 17:57:02,101] root - INFO -                                                                                                                   
[2023-02-17 17:57:02,101] root - INFO - >>>>>>>>>>>>>>>>>>>>>>>>>>>>>>>>>>>>>>>> Data Validation <<<<<<<<<<<<<<<<<<<<<<<<<<<<<<<<<<<<<<<<
[2023-02-17 17:57:02,101] root - INFO - Reading base dataframe
[2023-02-17 17:57:02,107] root - INFO - Replace na value in base df
[2023-02-17 17:57:02,107] root - INFO - Drop null values colums from base df
[2023-02-17 17:57:02,109] root - INFO - selecting column name which contains null above to 0.2
[2023-02-17 17:57:02,109] root - INFO - Columns to drop: []
[2023-02-17 17:57:02,110] root - INFO - Reading train dataframe
[2023-02-17 17:57:02,114] root - INFO - Reading test dataframe
[2023-02-17 17:57:02,118] root - INFO - selecting column name which contains null above to 0.2
[2023-02-17 17:57:02,118] root - INFO - Columns to drop: []
[2023-02-17 17:57:02,120] root - INFO - selecting column name which contains null above to 0.2
[2023-02-17 17:57:02,120] root - INFO - Columns to drop: []
[2023-02-17 17:57:02,127] root - INFO - Is all required columns present in train df
[2023-02-17 17:57:02,127] root - INFO - Is all required columns present in test df
[2023-02-17 17:57:02,127] root - INFO - As all column are available in train df hence detecting data drift
[2023-02-17 17:57:02,139] root - INFO - As all column are available in test df hence detecting data drift
[2023-02-17 17:57:02,147] root - INFO - Write reprt in yaml file
[2023-02-17 17:57:02,152] root - INFO - Data validation artifact: DataValidationArtifact(report_file_path='/config/workspace/artifact/02172023__175702/data_validation/report.yaml')
[2023-02-17 17:57:02,152] root - INFO - >>>>>>>>>>>>>>>>>>>>>>>>>>>>>>>>>>>>>>>> Data Validation Artifact Exported <<<<<<<<<<<<<<<<<<<<<<<<<<<<<<<<<<<<<<<<
[2023-02-17 17:57:02,152] root - INFO -                                                                                                                    
